#
# There is insufficient memory for the Java Runtime Environment to continue.
# Native memory allocation (malloc) failed to allocate 1080336 bytes for Chunk::new
# Possible reasons:
#   The system is out of physical RAM or swap space
#   In 32 bit mode, the process size limit was hit
# Possible solutions:
#   Reduce memory load on the system
#   Increase physical memory or swap space
#   Check if swap backing store is full
#   Use 64 bit Java on a 64 bit OS
#   Decrease Java heap size (-Xmx/-Xms)
#   Decrease number of Java threads
#   Decrease Java thread stack sizes (-Xss)
#   Set larger code cache with -XX:ReservedCodeCacheSize=
# This output file may be truncated or incomplete.
#
#  Out of Memory Error (allocation.cpp:390), pid=3608, tid=0x00000000000000d4
#
# JRE version: OpenJDK Runtime Environment (8.0_152-b01) (build 1.8.0_152-release-915-b01)
# Java VM: OpenJDK 64-Bit Server VM (25.152-b01 mixed mode windows-amd64 compressed oops)
# Failed to write core dump. Minidumps are not enabled by default on client versions of Windows
#

---------------  T H R E A D  ---------------

Current thread (0x0000000015cf0800):  JavaThread "C2 CompilerThread1" daemon [_thread_in_native, id=212, stack(0x0000000017420000,0x0000000017520000)]

Stack: [0x0000000017420000,0x0000000017520000]
[error occurred during error reporting (printing stack bounds), id 0xc0000005]

Native frames: (J=compiled Java code, j=interpreted, Vv=VM code, C=native code)


Current CompileTask:
C2:1159921 18969       4       org.gradle.internal.graph.CachingDirectedGraphWalker::doSearch (650 bytes)


---------------  P R O C E S S  ---------------

Java Threads: ( => current thread )
  0x000000001e4f9000 JavaThread "Task worker for ':' Thread 3" [_thread_blocked, id=5336, stack(0x00000000378b0000,0x00000000379b0000)]
  0x000000001e4ff800 JavaThread "Task worker for ':' Thread 2" [_thread_blocked, id=8268, stack(0x00000000377b0000,0x00000000378b0000)]
  0x000000001e4fd800 JavaThread "Task worker for ':'" [_thread_in_Java, id=8344, stack(0x00000000376b0000,0x00000000377b0000)]
  0x000000001e4fe000 JavaThread "Cache worker for task history cache (D:\AOWPrototype\.gradle\4.1\taskHistory)" [_thread_blocked, id=7300, stack(0x00000000375b0000,0x00000000376b0000)]
  0x000000001e4ff000 JavaThread "Cache worker for file content cache (D:\AOWPrototype\.gradle\4.1\fileContent)" [_thread_blocked, id=6368, stack(0x00000000374b0000,0x00000000375b0000)]
  0x000000001e4fc800 JavaThread "build operations Thread 4" [_thread_blocked, id=3488, stack(0x00000000373b0000,0x00000000374b0000)]
  0x000000001e4fc000 JavaThread "build operations Thread 3" [_thread_blocked, id=9616, stack(0x00000000372b0000,0x00000000373b0000)]
  0x000000001e4f4800 JavaThread "build operations Thread 2" [_thread_blocked, id=3640, stack(0x00000000371b0000,0x00000000372b0000)]
  0x000000001e4f6000 JavaThread "build operations" [_thread_blocked, id=9740, stack(0x00000000370b0000,0x00000000371b0000)]
  0x000000001e4fb000 JavaThread "Cache worker for Artifact transforms cache (C:\Users\zeesh\.gradle\caches\transforms-1)" [_thread_blocked, id=5992, stack(0x0000000036fb0000,0x00000000370b0000)]
  0x000000001e4fa800 JavaThread "Cache worker for file hash cache (D:\AOWPrototype\.gradle\4.1\fileHashes)" [_thread_blocked, id=5140, stack(0x0000000036eb0000,0x0000000036fb0000)]
  0x000000001e4f5000 JavaThread "Stdin handler" [_thread_blocked, id=8336, stack(0x0000000036db0000,0x0000000036eb0000)]
  0x000000001e4f3000 JavaThread "Asynchronous log dispatcher for DefaultDaemonConnection: socket connection from /127.0.0.1:1692 to /127.0.0.1:2133" [_thread_blocked, id=8092, stack(0x0000000036cb0000,0x0000000036db0000)]
  0x000000001e4f9800 JavaThread "Daemon worker Thread 6" [_thread_blocked, id=6600, stack(0x0000000036bb0000,0x0000000036cb0000)]
  0x000000001e4f3800 JavaThread "Cancel handler" [_thread_blocked, id=5844, stack(0x0000000036ab0000,0x0000000036bb0000)]
  0x000000001e4f2000 JavaThread "Handler for socket connection from /127.0.0.1:1692 to /127.0.0.1:2133" [_thread_in_native, id=8572, stack(0x00000000369b0000,0x0000000036ab0000)]
  0x000000001e4f8000 JavaThread "Daemon Thread 6" [_thread_blocked, id=3972, stack(0x00000000368b0000,0x00000000369b0000)]
  0x000000001f309000 JavaThread "RMI Reaper" [_thread_blocked, id=8332, stack(0x0000000035cb0000,0x0000000035db0000)]
  0x000000001f308800 JavaThread "RMI TCP Accept-0" daemon [_thread_in_native, id=9092, stack(0x0000000035bb0000,0x0000000035cb0000)]
  0x000000001f30f000 JavaThread "GC Daemon" daemon [_thread_blocked, id=9644, stack(0x0000000035ab0000,0x0000000035bb0000)]
  0x000000001f30d800 JavaThread "RMI Scheduler(0)" daemon [_thread_blocked, id=3440, stack(0x00000000358b0000,0x00000000359b0000)]
  0x000000001baf7800 JavaThread "Java2D Disposer" daemon [_thread_blocked, id=8436, stack(0x00000000313b0000,0x00000000314b0000)]
  0x000000001bd72800 JavaThread "Memory manager" [_thread_blocked, id=9064, stack(0x00000000212b0000,0x00000000213b0000)]
  0x00000000191d1000 JavaThread "File lock request listener" [_thread_in_native, id=4460, stack(0x000000001b500000,0x000000001b600000)]
  0x00000000191d0800 JavaThread "Cache worker for file hash cache (C:\Users\zeesh\.gradle\caches\4.1\fileHashes)" [_thread_blocked, id=5280, stack(0x000000001b400000,0x000000001b500000)]
  0x0000000018c3f000 JavaThread "Daemon periodic checks" [_thread_blocked, id=7568, stack(0x000000001ab00000,0x000000001ac00000)]
  0x0000000018c3e000 JavaThread "Incoming local TCP Connector on port 1692" [_thread_in_native, id=2132, stack(0x00000000193f0000,0x00000000194f0000)]
  0x0000000017642800 JavaThread "Service Thread" daemon [_thread_blocked, id=9460, stack(0x0000000017a20000,0x0000000017b20000)]
  0x0000000015cf8000 JavaThread "C1 CompilerThread2" daemon [_thread_blocked, id=9808, stack(0x0000000017520000,0x0000000017620000)]
=>0x0000000015cf0800 JavaThread "C2 CompilerThread1" daemon [_thread_in_native, id=212, stack(0x0000000017420000,0x0000000017520000)]
  0x0000000015ced800 JavaThread "C2 CompilerThread0" daemon [_thread_blocked, id=7564, stack(0x0000000017320000,0x0000000017420000)]
  0x0000000015cea000 JavaThread "Attach Listener" daemon [_thread_blocked, id=2748, stack(0x0000000017220000,0x0000000017320000)]
  0x0000000015ce9000 JavaThread "Signal Dispatcher" daemon [_thread_blocked, id=5292, stack(0x0000000017120000,0x0000000017220000)]
  0x000000000237c000 JavaThread "Finalizer" daemon [_thread_blocked, id=4936, stack(0x0000000016f40000,0x0000000017040000)]
  0x0000000002371000 JavaThread "Reference Handler" daemon [_thread_blocked, id=4444, stack(0x0000000016e40000,0x0000000016f40000)]
  0x000000000217d800 JavaThread "main" [_thread_blocked, id=5124, stack(0x0000000002180000,0x0000000002280000)]

Other Threads:
  0x0000000015cb5800 VMThread [stack: 0x0000000016d40000,0x0000000016e40000] [id=4480]
  0x0000000017644800 WatcherThread [stack: 0x0000000017b20000,0x0000000017c20000] [id=8272]

VM state:not at safepoint (normal execution)

VM Mutex/Monitor currently owned by a thread: None

Heap:
 PSYoungGen      total 352768K, used 278188K [0x00000000e0000000, 0x00000000f9780000, 0x0000000100000000)
  eden space 293376K, 94% used [0x00000000e0000000,0x00000000f0f8b238,0x00000000f1e80000)
  from space 59392K, 0% used [0x00000000f5d80000,0x00000000f5da0000,0x00000000f9780000)
  to   space 61952K, 0% used [0x00000000f1e80000,0x00000000f1e80000,0x00000000f5b00000)
 ParOldGen       total 226816K, used 140532K [0x00000000a0000000, 0x00000000add80000, 0x00000000e0000000)
  object space 226816K, 61% used [0x00000000a0000000,0x00000000a893d1d0,0x00000000add80000)
 Metaspace       used 83733K, capacity 88000K, committed 88152K, reserved 1126400K
  class space    used 10656K, capacity 11589K, committed 11648K, reserved 1048576K

Card table byte_map: [0x0000000011740000,0x0000000011a50000] byte_map_base: 0x0000000011240000

Marking Bits: (ParMarkBitMap*) 0x0000000057523950
 Begin Bits: [0x0000000012050000, 0x0000000013850000)
 End Bits:   [0x0000000013850000, 0x0000000015050000)

Polling page: 0x0000000000450000

CodeCache: size=245760Kb used=48290Kb max_used=48756Kb free=197469Kb
 bounds [0x0000000002380000, 0x00000000053a0000, 0x0000000011380000]
 total_blobs=15658 nmethods=14683 adapters=887
 compilation: enabled

Compilation events (10 events):
Event: 1159.361 Thread 0x0000000015cf8000 nmethod 18984 0x0000000003e6c5d0 code [0x0000000003e6c720, 0x0000000003e6c910]
Event: 1159.374 Thread 0x0000000015ced800 nmethod 18976 0x00000000025e3750 code [0x00000000025e3920, 0x00000000025e4188]
Event: 1159.374 Thread 0x0000000015ced800 18987       4       org.gradle.internal.service.DefaultServiceRegistry$SingletonService::getAll (24 bytes)
Event: 1159.382 Thread 0x0000000015ced800 nmethod 18987 0x0000000003912fd0 code [0x0000000003913140, 0x0000000003913578]
Event: 1159.383 Thread 0x0000000015cf8000 18988       3       java.lang.Thread::run (17 bytes)
Event: 1159.383 Thread 0x0000000015cf8000 nmethod 18988 0x00000000052b2290 code [0x00000000052b2400, 0x00000000052b2668]
Event: 1159.507 Thread 0x0000000015cf8000 18989       3       org.gradle.execution.taskgraph.DefaultTaskExecutionPlan$10::apply (9 bytes)
Event: 1159.508 Thread 0x0000000015cf8000 nmethod 18989 0x00000000026fac90 code [0x00000000026fae00, 0x00000000026fb088]
Event: 1159.508 Thread 0x0000000015cf8000 18990   !   3       org.gradle.execution.taskgraph.DefaultTaskExecutionPlan$10::apply (50 bytes)
Event: 1159.509 Thread 0x0000000015cf8000 nmethod 18990 0x000000000262f3d0 code [0x000000000262f5c0, 0x000000000262fd68]

GC Heap History (10 events):
Event: 1045.749 GC heap before
{Heap before GC invocations=28 (full 4):
 PSYoungGen      total 282112K, used 245248K [0x00000000e0000000, 0x00000000f8500000, 0x0000000100000000)
  eden space 245248K, 100% used [0x00000000e0000000,0x00000000eef80000,0x00000000eef80000)
  from space 36864K, 0% used [0x00000000eef80000,0x00000000eef80000,0x00000000f1380000)
  to   space 67584K, 0% used [0x00000000f4300000,0x00000000f4300000,0x00000000f8500000)
 ParOldGen       total 226816K, used 130758K [0x00000000a0000000, 0x00000000add80000, 0x00000000e0000000)
  object space 226816K, 57% used [0x00000000a0000000,0x00000000a7fb1ae8,0x00000000add80000)
 Metaspace       used 82562K, capacity 86514K, committed 87000K, reserved 1124352K
  class space    used 10518K, capacity 11418K, committed 11520K, reserved 1048576K
Event: 1045.780 GC heap after
Heap after GC invocations=28 (full 4):
 PSYoungGen      total 312832K, used 32052K [0x00000000e0000000, 0x00000000f8500000, 0x0000000100000000)
  eden space 245248K, 0% used [0x00000000e0000000,0x00000000e0000000,0x00000000eef80000)
  from space 67584K, 47% used [0x00000000f4300000,0x00000000f624d0e8,0x00000000f8500000)
  to   space 36864K, 0% used [0x00000000eef80000,0x00000000eef80000,0x00000000f1380000)
 ParOldGen       total 226816K, used 131022K [0x00000000a0000000, 0x00000000add80000, 0x00000000e0000000)
  object space 226816K, 57% used [0x00000000a0000000,0x00000000a7ff3b00,0x00000000add80000)
 Metaspace       used 82562K, capacity 86514K, committed 87000K, reserved 1124352K
  class space    used 10518K, capacity 11418K, committed 11520K, reserved 1048576K
}
Event: 1048.434 GC heap before
{Heap before GC invocations=29 (full 4):
 PSYoungGen      total 312832K, used 277300K [0x00000000e0000000, 0x00000000f8500000, 0x0000000100000000)
  eden space 245248K, 100% used [0x00000000e0000000,0x00000000eef80000,0x00000000eef80000)
  from space 67584K, 47% used [0x00000000f4300000,0x00000000f624d0e8,0x00000000f8500000)
  to   space 36864K, 0% used [0x00000000eef80000,0x00000000eef80000,0x00000000f1380000)
 ParOldGen       total 226816K, used 131022K [0x00000000a0000000, 0x00000000add80000, 0x00000000e0000000)
  object space 226816K, 57% used [0x00000000a0000000,0x00000000a7ff3b00,0x00000000add80000)
 Metaspace       used 82622K, capacity 86604K, committed 87000K, reserved 1124352K
  class space    used 10523K, capacity 11425K, committed 11520K, reserved 1048576K
Event: 1048.457 GC heap after
Heap after GC invocations=29 (full 4):
 PSYoungGen      total 282112K, used 28498K [0x00000000e0000000, 0x00000000f9b80000, 0x0000000100000000)
  eden space 245248K, 0% used [0x00000000e0000000,0x00000000e0000000,0x00000000eef80000)
  from space 36864K, 77% used [0x00000000eef80000,0x00000000f0b54928,0x00000000f1380000)
  to   space 63488K, 0% used [0x00000000f5d80000,0x00000000f5d80000,0x00000000f9b80000)
 ParOldGen       total 226816K, used 131030K [0x00000000a0000000, 0x00000000add80000, 0x00000000e0000000)
  object space 226816K, 57% used [0x00000000a0000000,0x00000000a7ff5b00,0x00000000add80000)
 Metaspace       used 82622K, capacity 86604K, committed 87000K, reserved 1124352K
  class space    used 10523K, capacity 11425K, committed 11520K, reserved 1048576K
}
Event: 1050.813 GC heap before
{Heap before GC invocations=30 (full 4):
 PSYoungGen      total 282112K, used 273165K [0x00000000e0000000, 0x00000000f9b80000, 0x0000000100000000)
  eden space 245248K, 99% used [0x00000000e0000000,0x00000000eeeeecd0,0x00000000eef80000)
  from space 36864K, 77% used [0x00000000eef80000,0x00000000f0b54928,0x00000000f1380000)
  to   space 63488K, 0% used [0x00000000f5d80000,0x00000000f5d80000,0x00000000f9b80000)
 ParOldGen       total 226816K, used 131030K [0x00000000a0000000, 0x00000000add80000, 0x00000000e0000000)
  object space 226816K, 57% used [0x00000000a0000000,0x00000000a7ff5b00,0x00000000add80000)
 Metaspace       used 83175K, capacity 87210K, committed 87512K, reserved 1126400K
  class space    used 10590K, capacity 11466K, committed 11520K, reserved 1048576K
Event: 1050.837 GC heap after
Heap after GC invocations=30 (full 4):
 PSYoungGen      total 352768K, used 11664K [0x00000000e0000000, 0x00000000f9780000, 0x0000000100000000)
  eden space 293376K, 0% used [0x00000000e0000000,0x00000000e0000000,0x00000000f1e80000)
  from space 59392K, 19% used [0x00000000f5d80000,0x00000000f68e40f0,0x00000000f9780000)
  to   space 61952K, 0% used [0x00000000f1e80000,0x00000000f1e80000,0x00000000f5b00000)
 ParOldGen       total 226816K, used 137554K [0x00000000a0000000, 0x00000000add80000, 0x00000000e0000000)
  object space 226816K, 60% used [0x00000000a0000000,0x00000000a8654bc0,0x00000000add80000)
 Metaspace       used 83175K, capacity 87210K, committed 87512K, reserved 1126400K
  class space    used 10590K, capacity 11466K, committed 11520K, reserved 1048576K
}
Event: 1050.892 GC heap before
{Heap before GC invocations=31 (full 4):
 PSYoungGen      total 352768K, used 304859K [0x00000000e0000000, 0x00000000f9780000, 0x0000000100000000)
  eden space 293376K, 99% used [0x00000000e0000000,0x00000000f1e52c80,0x00000000f1e80000)
  from space 59392K, 19% used [0x00000000f5d80000,0x00000000f68e40f0,0x00000000f9780000)
  to   space 61952K, 0% used [0x00000000f1e80000,0x00000000f1e80000,0x00000000f5b00000)
 ParOldGen       total 226816K, used 137554K [0x00000000a0000000, 0x00000000add80000, 0x00000000e0000000)
  object space 226816K, 60% used [0x00000000a0000000,0x00000000a8654bc0,0x00000000add80000)
 Metaspace       used 83183K, capacity 87210K, committed 87512K, reserved 1126400K
  class space    used 10590K, capacity 11466K, committed 11520K, reserved 1048576K
Event: 1050.896 GC heap after
Heap after GC invocations=31 (full 4):
 PSYoungGen      total 355328K, used 96K [0x00000000e0000000, 0x00000000f9780000, 0x0000000100000000)
  eden space 293376K, 0% used [0x00000000e0000000,0x00000000e0000000,0x00000000f1e80000)
  from space 61952K, 0% used [0x00000000f1e80000,0x00000000f1e98000,0x00000000f5b00000)
  to   space 59392K, 0% used [0x00000000f5d80000,0x00000000f5d80000,0x00000000f9780000)
 ParOldGen       total 226816K, used 140484K [0x00000000a0000000, 0x00000000add80000, 0x00000000e0000000)
  object space 226816K, 61% used [0x00000000a0000000,0x00000000a89311d0,0x00000000add80000)
 Metaspace       used 83183K, capacity 87210K, committed 87512K, reserved 1126400K
  class space    used 10590K, capacity 11466K, committed 11520K, reserved 1048576K
}
Event: 1050.944 GC heap before
{Heap before GC invocations=32 (full 4):
 PSYoungGen      total 355328K, used 293374K [0x00000000e0000000, 0x00000000f9780000, 0x0000000100000000)
  eden space 293376K, 99% used [0x00000000e0000000,0x00000000f1e67bc0,0x00000000f1e80000)
  from space 61952K, 0% used [0x00000000f1e80000,0x00000000f1e98000,0x00000000f5b00000)
  to   space 59392K, 0% used [0x00000000f5d80000,0x00000000f5d80000,0x00000000f9780000)
 ParOldGen       total 226816K, used 140484K [0x00000000a0000000, 0x00000000add80000, 0x00000000e0000000)
  object space 226816K, 61% used [0x00000000a0000000,0x00000000a89311d0,0x00000000add80000)
 Metaspace       used 83185K, capacity 87210K, committed 87512K, reserved 1126400K
  class space    used 10590K, capacity 11466K, committed 11520K, reserved 1048576K
Event: 1050.948 GC heap after
Heap after GC invocations=32 (full 4):
 PSYoungGen      total 352768K, used 128K [0x00000000e0000000, 0x00000000f9780000, 0x0000000100000000)
  eden space 293376K, 0% used [0x00000000e0000000,0x00000000e0000000,0x00000000f1e80000)
  from space 59392K, 0% used [0x00000000f5d80000,0x00000000f5da0000,0x00000000f9780000)
  to   space 61952K, 0% used [0x00000000f1e80000,0x00000000f1e80000,0x00000000f5b00000)
 ParOldGen       total 226816K, used 140532K [0x00000000a0000000, 0x00000000add80000, 0x00000000e0000000)
  object space 226816K, 61% used [0x00000000a0000000,0x00000000a893d1d0,0x00000000add80000)
 Metaspace       used 83185K, capacity 87210K, committed 87512K, reserved 1126400K
  class space    used 10590K, capacity 11466K, committed 11520K, reserved 1048576K
}

Deoptimization events (10 events):
Event: 1050.667 Thread 0x000000001e4f2000 Uncommon trap: reason=unstable_if action=reinterpret pc=0x00000000052d1220 method=java.util.zip.DeflaterOutputStream.deflate()V @ 19
Event: 1050.719 Thread 0x000000001e4f6000 Uncommon trap: reason=unstable_if action=reinterpret pc=0x0000000004ab56fc method=java.nio.Bits.getInt(Ljava/nio/ByteBuffer;IZ)I @ 1
Event: 1050.812 Thread 0x000000001e4f6000 Uncommon trap: reason=class_check action=maybe_recompile pc=0x0000000003eea8a4 method=com.android.apkzlib.zip.CentralDirectoryHeader.getCompressionInfoWithWait()Lcom/android/apkzlib/zip/CentralDirectoryHeaderCompressInfo; @ 4
Event: 1050.812 Thread 0x000000001e4f6000 Uncommon trap: reason=class_check action=maybe_recompile pc=0x0000000003f06adc method=com.android.apkzlib.zip.CentralDirectoryHeader.getCompressionInfoWithWait()Lcom/android/apkzlib/zip/CentralDirectoryHeaderCompressInfo; @ 4
Event: 1156.368 Thread 0x000000001e4f9800 Uncommon trap: reason=array_check action=maybe_recompile pc=0x00000000047a2580 method=com.google.common.collect.ImmutableSet.construct(I[Ljava/lang/Object;)Lcom/google/common/collect/ImmutableSet; @ 122
Event: 1156.369 Thread 0x000000001e4f9800 Uncommon trap: reason=array_check action=maybe_recompile pc=0x00000000047a2580 method=com.google.common.collect.ImmutableSet.construct(I[Ljava/lang/Object;)Lcom/google/common/collect/ImmutableSet; @ 122
Event: 1156.369 Thread 0x000000001e4f9800 Uncommon trap: reason=array_check action=maybe_recompile pc=0x00000000047a2580 method=com.google.common.collect.ImmutableSet.construct(I[Ljava/lang/Object;)Lcom/google/common/collect/ImmutableSet; @ 122
Event: 1156.370 Thread 0x000000001e4f9800 Uncommon trap: reason=array_check action=maybe_recompile pc=0x00000000047a2580 method=com.google.common.collect.ImmutableSet.construct(I[Ljava/lang/Object;)Lcom/google/common/collect/ImmutableSet; @ 122
Event: 1156.955 Thread 0x000000001e4f9800 Uncommon trap: reason=predicate action=maybe_recompile pc=0x0000000003f1c4c0 method=java.util.ComparableTimSort.reverseRange([Ljava/lang/Object;II)V @ 8
Event: 1159.260 Thread 0x000000001e4f9800 Uncommon trap: reason=unstable_if action=reinterpret pc=0x000000000475701c method=sun.misc.URLClassPath$1.next()Z @ 56

Classes redefined (0 events):
No events

Internal exceptions (10 events):
Event: 1040.592 Thread 0x000000001e4f6000 Exception <a 'sun/nio/fs/WindowsException'> (0x00000000e024f758) thrown at [D:\src\AOSP-openjdk-cygwin\jdk8u\hotspot\src\share\vm\prims\jni.cpp, line 709]
Event: 1040.604 Thread 0x000000001e4f6000 Exception <a 'sun/nio/fs/WindowsException'> (0x00000000e0282648) thrown at [D:\src\AOSP-openjdk-cygwin\jdk8u\hotspot\src\share\vm\prims\jni.cpp, line 709]
Event: 1040.638 Thread 0x000000001e4f6000 Exception <a 'sun/nio/fs/WindowsException'> (0x00000000e029b460) thrown at [D:\src\AOSP-openjdk-cygwin\jdk8u\hotspot\src\share\vm\prims\jni.cpp, line 709]
Event: 1040.656 Thread 0x000000001e4f6000 Exception <a 'sun/nio/fs/WindowsException'> (0x00000000e02b8ea0) thrown at [D:\src\AOSP-openjdk-cygwin\jdk8u\hotspot\src\share\vm\prims\jni.cpp, line 709]
Event: 1040.671 Thread 0x000000001e4f6000 Exception <a 'sun/nio/fs/WindowsException'> (0x00000000e02c9610) thrown at [D:\src\AOSP-openjdk-cygwin\jdk8u\hotspot\src\share\vm\prims\jni.cpp, line 709]
Event: 1048.211 Thread 0x000000001e4f4800 Implicit null exception at 0x0000000004cd9dfe to 0x0000000004cda231
Event: 1051.083 Thread 0x000000001e4f6000 Exception <a 'java/io/FileNotFoundException'> (0x00000000ebba2918) thrown at [D:\src\AOSP-openjdk-cygwin\jdk8u\hotspot\src\share\vm\prims\jni.cpp, line 709]
Event: 1052.743 Thread 0x000000001cc53000 Exception <a 'sun/nio/fs/WindowsException'> (0x00000000ec0410a0) thrown at [D:\src\AOSP-openjdk-cygwin\jdk8u\hotspot\src\share\vm\prims\jni.cpp, line 709]
Event: 1156.958 Thread 0x000000001e4f9800 Exception <a 'java/lang/ClassNotFoundException': sync_local_repo1278_2zlvfbi9w2tuadnnl5b1pquxbBeanInfo> (0x00000000ecbfc080) thrown at [D:\src\AOSP-openjdk-cygwin\jdk8u\hotspot\src\share\vm\classfile\systemDictionary.cpp, line 210]
Event: 1156.958 Thread 0x000000001e4f9800 Exception <a 'java/lang/ClassNotFoundException': sync_local_repo1278_2zlvfbi9w2tuadnnl5b1pquxbCustomizer> (0x00000000ecc06900) thrown at [D:\src\AOSP-openjdk-cygwin\jdk8u\hotspot\src\share\vm\classfile\systemDictionary.cpp, line 210]

Events (10 events):
Event: 1159.365 Thread 0x000000001e4fe000 Thread added: 0x000000001e4fe000
Event: 1159.382 Thread 0x000000001e4fd800 Thread added: 0x000000001e4fd800
Event: 1159.382 Thread 0x000000001e4ff800 Thread added: 0x000000001e4ff800
Event: 1159.382 Thread 0x000000001e4f9000 Thread added: 0x000000001e4f9000
Event: 1159.509 Executing VM operation: RevokeBias
Event: 1159.510 Executing VM operation: RevokeBias done
Event: 1159.510 Executing VM operation: RevokeBias
Event: 1159.510 Executing VM operation: RevokeBias done
Event: 1159.510 Executing VM operation: RevokeBias
Event: 1159.510 Executing VM operation: RevokeBias done


Dynamic libraries:
0x00007ff612fa0000 - 0x00007ff612fd1000 	C:\Program Files\Android\Android Studio\jre\bin\java.exe
0x00007ffec4b20000 - 0x00007ffec4ce1000 	C:\WINDOWS\SYSTEM32\ntdll.dll
0x00007ffec4570000 - 0x00007ffec461d000 	C:\WINDOWS\system32\KERNEL32.DLL
0x00007ffec13a0000 - 0x00007ffec1588000 	C:\WINDOWS\system32\KERNELBASE.dll
0x00007ffec3a20000 - 0x00007ffec3ac7000 	C:\WINDOWS\system32\ADVAPI32.dll
0x00007ffec46f0000 - 0x00007ffec478d000 	C:\WINDOWS\system32\msvcrt.dll
0x00007ffec3d40000 - 0x00007ffec3d9b000 	C:\WINDOWS\system32\sechost.dll
0x00007ffec3b90000 - 0x00007ffec3cad000 	C:\WINDOWS\system32\RPCRT4.dll
0x00007ffec49b0000 - 0x00007ffec4b06000 	C:\WINDOWS\system32\USER32.dll
0x00007ffec3480000 - 0x00007ffec3607000 	C:\WINDOWS\system32\GDI32.dll
0x00007ffeb29b0000 - 0x00007ffeb2c24000 	C:\WINDOWS\WinSxS\amd64_microsoft.windows.common-controls_6595b64144ccf1df_6.0.10586.839_none_a2ddba30a539a2ae\COMCTL32.dll
0x00007ffec3740000 - 0x00007ffec39be000 	C:\WINDOWS\system32\combase.dll
0x00007ffec1220000 - 0x00007ffec128a000 	C:\WINDOWS\system32\bcryptPrimitives.dll
0x00007ffec43e0000 - 0x00007ffec441b000 	C:\WINDOWS\system32\IMM32.DLL
0x00000000576d0000 - 0x00000000577a2000 	C:\Program Files\Android\Android Studio\jre\jre\bin\msvcr100.dll
0x0000000056d60000 - 0x000000005759e000 	C:\Program Files\Android\Android Studio\jre\jre\bin\server\jvm.dll
0x00007ffec3d30000 - 0x00007ffec3d38000 	C:\WINDOWS\system32\PSAPI.DLL
0x00007ffebda10000 - 0x00007ffebda19000 	C:\WINDOWS\SYSTEM32\WSOCK32.dll
0x00007ffebf900000 - 0x00007ffebf923000 	C:\WINDOWS\SYSTEM32\WINMM.dll
0x00007ffec4790000 - 0x00007ffec47fb000 	C:\WINDOWS\system32\WS2_32.dll
0x00007ffeb5040000 - 0x00007ffeb504a000 	C:\WINDOWS\SYSTEM32\VERSION.dll
0x00000000009d0000 - 0x00000000009fc000 	C:\WINDOWS\SYSTEM32\WINMMBASE.dll
0x00007ffec11d0000 - 0x00007ffec1213000 	C:\WINDOWS\system32\cfgmgr32.dll
0x00007ffeb3960000 - 0x00007ffeb396f000 	C:\Program Files\Android\Android Studio\jre\jre\bin\verify.dll
0x00007ffe9cbb0000 - 0x00007ffe9cbd9000 	C:\Program Files\Android\Android Studio\jre\jre\bin\java.dll
0x00007ffe9fc10000 - 0x00007ffe9fc26000 	C:\Program Files\Android\Android Studio\jre\jre\bin\zip.dll
0x00007ffec1f20000 - 0x00007ffec347c000 	C:\WINDOWS\system32\SHELL32.dll
0x00007ffec1810000 - 0x00007ffec1e55000 	C:\WINDOWS\system32\windows.storage.dll
0x00007ffec39c0000 - 0x00007ffec3a12000 	C:\WINDOWS\system32\shlwapi.dll
0x00007ffec11c0000 - 0x00007ffec11cf000 	C:\WINDOWS\system32\kernel.appcore.dll
0x00007ffec1e60000 - 0x00007ffec1f15000 	C:\WINDOWS\system32\shcore.dll
0x00007ffec1170000 - 0x00007ffec11bb000 	C:\WINDOWS\system32\powrprof.dll
0x00007ffec1150000 - 0x00007ffec1164000 	C:\WINDOWS\system32\profapi.dll
0x00007ffe9cb90000 - 0x00007ffe9cbaa000 	C:\Program Files\Android\Android Studio\jre\jre\bin\net.dll
0x00007ffec0a10000 - 0x00007ffec0a6c000 	C:\WINDOWS\system32\mswsock.dll
0x00007ffe9cb70000 - 0x00007ffe9cb81000 	C:\Program Files\Android\Android Studio\jre\jre\bin\nio.dll
0x00007ffe9b9c0000 - 0x00007ffe9b9de000 	C:\Users\zeesh\.gradle\native\25\windows-amd64\native-platform.dll
0x00007ffeb3860000 - 0x00007ffeb386d000 	C:\Program Files\Android\Android Studio\jre\jre\bin\management.dll
0x00007ffec0ac0000 - 0x00007ffec0ad7000 	C:\WINDOWS\SYSTEM32\CRYPTSP.dll
0x00007ffec0750000 - 0x00007ffec0784000 	C:\WINDOWS\system32\rsaenh.dll
0x00007ffec1070000 - 0x00007ffec1099000 	C:\WINDOWS\SYSTEM32\bcrypt.dll
0x00007ffec08a0000 - 0x00007ffec08bf000 	C:\WINDOWS\SYSTEM32\USERENV.dll
0x00007ffec0be0000 - 0x00007ffec0beb000 	C:\WINDOWS\SYSTEM32\CRYPTBASE.dll
0x00007ffebdf90000 - 0x00007ffebdfc8000 	C:\WINDOWS\SYSTEM32\IPHLPAPI.DLL
0x00007ffec4b10000 - 0x00007ffec4b18000 	C:\WINDOWS\system32\NSI.dll
0x00007ffeb8270000 - 0x00007ffeb8286000 	C:\WINDOWS\SYSTEM32\dhcpcsvc6.DLL
0x00007ffeb8250000 - 0x00007ffeb826a000 	C:\WINDOWS\SYSTEM32\dhcpcsvc.DLL
0x00007ffe9c7d0000 - 0x00007ffe9c965000 	C:\Program Files\Android\Android Studio\jre\jre\bin\awt.dll
0x00007ffec4620000 - 0x00007ffec46e6000 	C:\WINDOWS\system32\OLEAUT32.dll
0x00007ffeb9130000 - 0x00007ffeb9675000 	C:\WINDOWS\SYSTEM32\d2d1.dll
0x00007ffebf9f0000 - 0x00007ffebfa69000 	C:\WINDOWS\system32\apphelp.dll
0x00007ffebed60000 - 0x00007ffebed82000 	C:\WINDOWS\system32\DWMAPI.DLL
0x00007ffebfc30000 - 0x00007ffebfcc6000 	C:\WINDOWS\system32\uxtheme.dll
0x00007ffeafc20000 - 0x00007ffeafc3e000 	C:\Users\zeesh\AppData\Local\Temp\native-platform5002022404865222000dir\native-platform.dll
0x00007ffec0020000 - 0x00007ffec0051000 	C:\WINDOWS\SYSTEM32\ntmarta.dll
0x00007ffeaf3e0000 - 0x00007ffeaf47c000 	C:\WINDOWS\SYSTEM32\efswrt.dll
0x00007ffebd320000 - 0x00007ffebd456000 	C:\WINDOWS\SYSTEM32\wintypes.dll
0x00007ffeaf390000 - 0x00007ffeaf3e0000 	C:\WINDOWS\SYSTEM32\edputil.dll

VM Arguments:
jvm_args: -Xmx1536m -Dfile.encoding=windows-1252 -Duser.country=US -Duser.language=en -Duser.variant 
java_command: org.gradle.launcher.daemon.bootstrap.GradleDaemon 4.1
java_class_path (initial): C:\Users\zeesh\.gradle\wrapper\dists\gradle-4.1-all\bzyivzo6n839fup2jbap0tjew\gradle-4.1\lib\gradle-launcher-4.1.jar
Launcher Type: SUN_STANDARD

Environment Variables:
PATH=D:\_programFiles\oraclexe\app\oracle\product\11.2.0\server\bin;C:\Program Files (x86)\Intel\iCLS Client\;C:\Program Files\Intel\iCLS Client\;C:\WINDOWS\system32;C:\WINDOWS;C:\WINDOWS\System32\Wbem;C:\WINDOWS\System32\WindowsPowerShell\v1.0\;C:\Program Files (x86)\Intel\Intel(R) Management Engine Components\DAL;C:\Program Files\Intel\Intel(R) Management Engine Components\DAL;C:\Program Files (x86)\Intel\Intel(R) Management Engine Components\IPT;C:\Program Files\Intel\Intel(R) Management Engine Components\IPT;C:\Program Files\Android\Android Studio1\jre\bin;D:\_programFiles\Git\cmd;D:\_programFiles\Android\Android Studio\jre\bin;C:\Program Files (x86)\OpenVPN\bin;C:\Program Files\Android\Android Studio\jre\bin;D:\_programFiles\Flex Windows\gcc\bin;D:\_programFiles\Flex Windows\Lex\bin;D:\_programFiles\Flex Windows\bison\bin
USERNAME=zeesh
OS=Windows_NT
PROCESSOR_IDENTIFIER=Intel64 Family 6 Model 61 Stepping 4, GenuineIntel



---------------  S Y S T E M  ---------------

OS: Windows 10.0 , 64 bit Build 10586 (10.0.10586.589)

CPU:total 4 (initial active 4) (2 cores per cpu, 2 threads per core) family 6 model 61 stepping 4, cmov, cx8, fxsr, mmx, sse, sse2, sse3, ssse3, sse4.1, sse4.2, popcnt, avx, avx2, aes, clmul, erms, 3dnowpref, lzcnt, ht, tsc, tscinvbit, bmi1, bmi2, adx

Memory: 4k page, physical 4107804k(79624k free), swap 7873048k(5752k free)

vm_info: OpenJDK 64-Bit Server VM (25.152-b01) for windows-amd64 JRE (1.8.0_152-release-915-b01), built by "builder" with MS VC++ 10.0 (VS2010)

time: Wed Dec 26 02:13:19 2018
elapsed time: 1159 seconds (0d 0h 19m 19s)

